<?xml version="1.0" encoding="UTF-8"?>
<!-- Generated by org.testng.reporters.JUnitXMLReporter -->
<testsuite ignored="0" hostname="DESKTOP-E1AGTKN" failures="0" tests="6" name="Test" time="45.665" errors="0" timestamp="2023-07-25T22:25:09 EET">
  <testcase classname="Tests.LoginTest" name="CheckLeaveinputsEmpty" time="2.993"/>
  <testcase classname="Tests.LoginTest" name="CheckLeaveUserNameEmpty" time="6.04"/>
  <testcase classname="Tests.LoginTest" name="CheckLeavePasswordEmpty" time="6.571"/>
  <testcase classname="Tests.LoginTest" name="CheckInvalidUserName" time="5.961"/>
  <testcase classname="Tests.LoginTest" name="CheckInvalidPassword" time="5.664"/>
  <testcase classname="Tests.LoginTest" name="CheckSuccessLogin" time="6.249"/>
</testsuite> <!-- Test -->
