<?xml version="1.0" encoding="UTF-8"?>
<testng-results ignored="0" total="6" passed="6" failed="0" skipped="0">
  <reporter-output>
  </reporter-output>
  <suite started-at="2023-07-25T23:05:14 EET" name="SmokeTesting" finished-at="2023-07-25T23:05:59 EET" duration-ms="45248">
    <groups>
    </groups>
    <test started-at="2023-07-25T23:05:14 EET" name="Test" finished-at="2023-07-25T23:05:59 EET" duration-ms="45248">
      <class name="Tests.LoginTest">
        <test-method is-config="true" signature="Setup()[pri:0, instance:Tests.LoginTest@7bbc8656]" started-at="2023-07-25T23:05:14 EET" name="Setup" finished-at="2023-07-25T23:05:24 EET" duration-ms="9677" status="PASS">
          <reporter-output>
          </reporter-output>
        </test-method> <!-- Setup -->
        <test-method signature="CheckLeaveinputsEmpty()[pri:1, instance:Tests.LoginTest@7bbc8656]" started-at="2023-07-25T23:05:24 EET" name="CheckLeaveinputsEmpty" finished-at="2023-07-25T23:05:27 EET" duration-ms="3091" status="PASS">
          <reporter-output>
          </reporter-output>
        </test-method> <!-- CheckLeaveinputsEmpty -->
        <test-method signature="CheckLeaveUserNameEmpty()[pri:2, instance:Tests.LoginTest@7bbc8656]" started-at="2023-07-25T23:05:27 EET" name="CheckLeaveUserNameEmpty" finished-at="2023-07-25T23:05:34 EET" duration-ms="7098" status="PASS">
          <reporter-output>
          </reporter-output>
        </test-method> <!-- CheckLeaveUserNameEmpty -->
        <test-method signature="CheckLeavePasswordEmpty()[pri:3, instance:Tests.LoginTest@7bbc8656]" started-at="2023-07-25T23:05:34 EET" name="CheckLeavePasswordEmpty" finished-at="2023-07-25T23:05:41 EET" duration-ms="6580" status="PASS">
          <reporter-output>
          </reporter-output>
        </test-method> <!-- CheckLeavePasswordEmpty -->
        <test-method signature="CheckInvalidUserName()[pri:4, instance:Tests.LoginTest@7bbc8656]" started-at="2023-07-25T23:05:41 EET" name="CheckInvalidUserName" finished-at="2023-07-25T23:05:48 EET" duration-ms="6909" status="PASS">
          <reporter-output>
          </reporter-output>
        </test-method> <!-- CheckInvalidUserName -->
        <test-method signature="CheckInvalidPassword()[pri:5, instance:Tests.LoginTest@7bbc8656]" started-at="2023-07-25T23:05:48 EET" name="CheckInvalidPassword" finished-at="2023-07-25T23:05:53 EET" duration-ms="4991" status="PASS">
          <reporter-output>
          </reporter-output>
        </test-method> <!-- CheckInvalidPassword -->
        <test-method signature="CheckSuccessLogin()[pri:6, instance:Tests.LoginTest@7bbc8656]" started-at="2023-07-25T23:05:53 EET" name="CheckSuccessLogin" finished-at="2023-07-25T23:05:59 EET" duration-ms="6821" status="PASS">
          <reporter-output>
          </reporter-output>
        </test-method> <!-- CheckSuccessLogin -->
      </class> <!-- Tests.LoginTest -->
    </test> <!-- Test -->
  </suite> <!-- SmokeTesting -->
</testng-results>
